<?xml version="1.0" encoding="UTF-8"?>
<!-- Generated by org.testng.reporters.JUnitXMLReporter -->
<testsuite ignored="1" hostname="MR-06" failures="0" tests="1" name="Default test" time="146.034" errors="0" timestamp="2024-05-08T11:38:43 IST">
  <testcase classname="testAppium.teatAppiumTestng.AppiumBasics" name="appiumTest1" time="145.978"/>
  <testcase classname="testAppium.teatAppiumTestng.AppiumBasics" name="appiumTest" time="0.0">
    <ignored/>
  </testcase> <!-- appiumTest -->
</testsuite> <!-- Default test -->
