<?xml version="1.0" encoding="UTF-8"?>
<testng-results ignored="0" total="1" passed="1" failed="0" skipped="0">
  <reporter-output>
  </reporter-output>
  <suite started-at="2024-05-08T11:36:17 IST" name="Default suite" finished-at="2024-05-08T11:38:43 IST" duration-ms="146034">
    <groups>
    </groups>
    <test started-at="2024-05-08T11:36:17 IST" name="Default test" finished-at="2024-05-08T11:38:43 IST" duration-ms="146034">
      <class name="testAppium.teatAppiumTestng.AppiumBasics">
        <test-method signature="appiumTest1()[pri:0, instance:testAppium.teatAppiumTestng.AppiumBasics@689604d9]" started-at="2024-05-08T11:36:17 IST" name="appiumTest1" finished-at="2024-05-08T11:38:43 IST" duration-ms="145978" status="PASS">
          <reporter-output>
          </reporter-output>
        </test-method> <!-- appiumTest1 -->
      </class> <!-- testAppium.teatAppiumTestng.AppiumBasics -->
    </test> <!-- Default test -->
  </suite> <!-- Default suite -->
</testng-results>
